[31672:31676:0416/164521.109:WARNING:chrome_main_delegate.cc(745)] This is Chrome version 128.0.6613.138 (not a warning)
[31672:27996:0416/164521.228:ERROR:google_update_settings.cc(265)] Failed opening key Software\Chromium to set usagestats; result: 5
[31672:31676:0416/164521.247:WARNING:account_consistency_mode_manager.cc(77)] Desktop Identity Consistency cannot be enabled as no OAuth client ID and client secret have been configured.
[31672:31676:0416/164525.136:WARNING:external_registry_loader_win.cc(232)] Error observing HKLM: 5
[31672:30712:0416/164525.141:WARNING:leveldb_database.cc(141)] Unable to open C:\Users\elija\Documents\UE5\Projects\Code-Club-Project\Project\Saved\webcache_6613\Default\shared_proto_db\metadata: IO error: C:\Users\elija\Documents\UE5\Projects\Code-Club-Project\Project\Saved\webcache_6613\Default\shared_proto_db\metadata/MANIFEST-000001: Unable to create sequential file (ChromeMethodBFE: 7::NewSequentialFile::1)
[31672:30712:0416/164525.145:WARNING:leveldb_database.cc(141)] Unable to open C:\Users\elija\Documents\UE5\Projects\Code-Club-Project\Project\Saved\webcache_6613\Default\shared_proto_db\metadata: IO error: C:\Users\elija\Documents\UE5\Projects\Code-Club-Project\Project\Saved\webcache_6613\Default\shared_proto_db\metadata/MANIFEST-000001: Unable to create sequential file (ChromeMethodBFE: 7::NewSequentialFile::1)
[31672:30712:0416/164525.150:WARNING:leveldb_database.cc(141)] Unable to open C:\Users\elija\Documents\UE5\Projects\Code-Club-Project\Project\Saved\webcache_6613\Default\shared_proto_db\metadata: IO error: C:\Users\elija\Documents\UE5\Projects\Code-Club-Project\Project\Saved\webcache_6613\Default\shared_proto_db\metadata/MANIFEST-000001: Unable to create sequential file (ChromeMethodBFE: 7::NewSequentialFile::1)
[31672:30712:0416/164525.154:WARNING:leveldb_database.cc(141)] Unable to open C:\Users\elija\Documents\UE5\Projects\Code-Club-Project\Project\Saved\webcache_6613\Default\shared_proto_db\metadata: IO error: C:\Users\elija\Documents\UE5\Projects\Code-Club-Project\Project\Saved\webcache_6613\Default\shared_proto_db\metadata/MANIFEST-000001: Unable to create sequential file (ChromeMethodBFE: 7::NewSequentialFile::1)
[31672:31292:0416/164525.723:WARNING:value_store_frontend.cc(47)] Reading ahfgeienlihckogmohjhadlkjgocpleb.alarms from  failed: IO error: .../MANIFEST-000001: Unable to create sequential file (ChromeMethodBFE: 7::NewSequentialFile::1)
[31672:31292:0416/164525.725:WARNING:value_store_frontend.cc(47)] Reading mhjfbmdgcfjbbpaeojofohoefgiehjai.alarms from  failed: IO error: .../MANIFEST-000001: Unable to create sequential file (ChromeMethodBFE: 7::NewSequentialFile::1)
[30972:3920:0416/164526.532:WARNING:frame_impl.cc(430)] virtual CefFrameImpl::SendProcessMessage sent to detached frame 5-79E69C0FB46FBD4E6B31486ECAB94A7C will be ignored
[31672:15260:0416/164527.063:WARNING:leveldb_database.cc(141)] Unable to open C:\Users\elija\Documents\UE5\Projects\Code-Club-Project\Project\Saved\webcache_6613\Default\GCM Store\Encryption: IO error: C:\Users\elija\Documents\UE5\Projects\Code-Club-Project\Project\Saved\webcache_6613\Default\GCM Store\Encryption/MANIFEST-000001: Unable to create sequential file (ChromeMethodBFE: 7::NewSequentialFile::1)
[31672:20856:0416/164529.855:WARNING:browser_info.cc(345)] Returning a speculative frame for [9,9]
[31672:31676:0416/164530.179:WARNING:browser_info.cc(345)] Returning a speculative frame for [11,9]
[31672:31676:0416/164530.180:WARNING:browser_info.cc(345)] Returning a speculative frame for [11,9]
[31672:31676:0416/164530.180:WARNING:browser_info.cc(345)] Returning a speculative frame for [11,9]
[31672:31676:0416/164530.180:WARNING:browser_info.cc(345)] Returning a speculative frame for [11,9]
[31672:20856:0416/164530.187:WARNING:browser_info.cc(345)] Returning a speculative frame for [11,9]
[30124:24660:0416/164530.520:WARNING:frame_impl.cc(430)] virtual CefFrameImpl::SendProcessMessage sent to detached frame 6-3CC8751C87A55FE786DFA5F0F23CEECB will be ignored
[19020:3348:0416/164531.182:ERROR:shared_image_manager.cc(224)] SharedImageManager::ProduceSkia: Trying to Produce a Skia representation from a non-existent mailbox.
[19020:3348:0416/164739.510:ERROR:shared_image_manager.cc(224)] SharedImageManager::ProduceSkia: Trying to Produce a Skia representation from a non-existent mailbox.
[19020:3348:0416/164739.510:ERROR:shared_image_manager.cc(224)] SharedImageManager::ProduceSkia: Trying to Produce a Skia representation from a non-existent mailbox.
[31672:31676:0416/170342.480:ERROR:device_event_log_impl.cc(196)] [17:03:42.382] USB: usb_service_win.cc:105 SetupDiGetDeviceProperty({{A45C254E-DF1C-4EFD-8020-67D146A850E0}, 6}) failed: Element not found. (0x490)
[31672:31676:0416/170342.481:ERROR:device_event_log_impl.cc(196)] [17:03:42.389] USB: usb_service_win.cc:105 SetupDiGetDeviceProperty({{A45C254E-DF1C-4EFD-8020-67D146A850E0}, 6}) failed: Element not found. (0x490)
[31672:31676:0416/170342.481:ERROR:device_event_log_impl.cc(196)] [17:03:42.408] USB: usb_service_win.cc:308 SetupDiEnumDeviceInterfaces: No more data is available. (0x103)
[31672:31676:0416/170342.481:ERROR:device_event_log_impl.cc(196)] [17:03:42.413] USB: usb_service_win.cc:308 SetupDiEnumDeviceInterfaces: No more data is available. (0x103)
[31672:31676:0416/170754.836:WARNING:pref_notifier_impl.cc(41)] Pref observer for media_router.cast_allow_all_ips found at shutdown.
