[32740:32744:0418/095544.658:WARNING:chrome_main_delegate.cc(745)] This is Chrome version 128.0.6613.138 (not a warning)
[32740:12552:0418/095544.808:ERROR:google_update_settings.cc(265)] Failed opening key Software\Chromium to set usagestats; result: 5
[32740:32744:0418/095544.816:WARNING:account_consistency_mode_manager.cc(77)] Desktop Identity Consistency cannot be enabled as no OAuth client ID and client secret have been configured.
[32740:32744:0418/095548.772:WARNING:external_registry_loader_win.cc(232)] Error observing HKLM: 5
[32740:31988:0418/095548.778:WARNING:leveldb_database.cc(141)] Unable to open C:\Users\elija\Documents\UE5\Projects\Code-Club-Project\Project\Saved\webcache_6613\Default\shared_proto_db\metadata: IO error: C:\Users\elija\Documents\UE5\Projects\Code-Club-Project\Project\Saved\webcache_6613\Default\shared_proto_db\metadata/MANIFEST-000001: Unable to create sequential file (ChromeMethodBFE: 7::NewSequentialFile::1)
[32740:31988:0418/095548.780:WARNING:leveldb_database.cc(141)] Unable to open C:\Users\elija\Documents\UE5\Projects\Code-Club-Project\Project\Saved\webcache_6613\Default\shared_proto_db\metadata: IO error: C:\Users\elija\Documents\UE5\Projects\Code-Club-Project\Project\Saved\webcache_6613\Default\shared_proto_db\metadata/MANIFEST-000001: Unable to create sequential file (ChromeMethodBFE: 7::NewSequentialFile::1)
[32740:31988:0418/095548.784:WARNING:leveldb_database.cc(141)] Unable to open C:\Users\elija\Documents\UE5\Projects\Code-Club-Project\Project\Saved\webcache_6613\Default\shared_proto_db\metadata: IO error: C:\Users\elija\Documents\UE5\Projects\Code-Club-Project\Project\Saved\webcache_6613\Default\shared_proto_db\metadata/MANIFEST-000001: Unable to create sequential file (ChromeMethodBFE: 7::NewSequentialFile::1)
[32740:31988:0418/095548.788:WARNING:leveldb_database.cc(141)] Unable to open C:\Users\elija\Documents\UE5\Projects\Code-Club-Project\Project\Saved\webcache_6613\Default\shared_proto_db\metadata: IO error: C:\Users\elija\Documents\UE5\Projects\Code-Club-Project\Project\Saved\webcache_6613\Default\shared_proto_db\metadata/MANIFEST-000001: Unable to create sequential file (ChromeMethodBFE: 7::NewSequentialFile::1)
[32740:12552:0418/095549.458:WARNING:value_store_frontend.cc(47)] Reading ahfgeienlihckogmohjhadlkjgocpleb.alarms from  failed: IO error: .../MANIFEST-000001: Unable to create sequential file (ChromeMethodBFE: 7::NewSequentialFile::1)
[32740:12552:0418/095549.460:WARNING:value_store_frontend.cc(47)] Reading mhjfbmdgcfjbbpaeojofohoefgiehjai.alarms from  failed: IO error: .../MANIFEST-000001: Unable to create sequential file (ChromeMethodBFE: 7::NewSequentialFile::1)
[31832:9736:0418/095549.832:WARNING:frame_impl.cc(430)] virtual CefFrameImpl::SendProcessMessage sent to detached frame 5-5F0ACA746204662A3F57A995208052F9 will be ignored
[32740:31236:0418/095550.261:WARNING:browser_info.cc(345)] Returning a speculative frame for [9,9]
[32740:32744:0418/095550.354:WARNING:browser_info.cc(345)] Returning a speculative frame for [10,9]
[32740:32744:0418/095550.355:WARNING:browser_info.cc(345)] Returning a speculative frame for [10,9]
[32740:32744:0418/095550.355:WARNING:browser_info.cc(345)] Returning a speculative frame for [10,9]
[32740:32744:0418/095550.355:WARNING:browser_info.cc(345)] Returning a speculative frame for [10,9]
[32740:31236:0418/095550.364:WARNING:browser_info.cc(345)] Returning a speculative frame for [10,9]
[22796:10700:0418/095551.609:WARNING:frame_impl.cc(430)] virtual CefFrameImpl::SendProcessMessage sent to detached frame 6-114403CF242E715AC77A383094A0950B will be ignored
[32740:19848:0418/095551.653:WARNING:leveldb_database.cc(141)] Unable to open C:\Users\elija\Documents\UE5\Projects\Code-Club-Project\Project\Saved\webcache_6613\Default\GCM Store\Encryption: IO error: C:\Users\elija\Documents\UE5\Projects\Code-Club-Project\Project\Saved\webcache_6613\Default\GCM Store\Encryption/MANIFEST-000001: Unable to create sequential file (ChromeMethodBFE: 7::NewSequentialFile::1)
[7404:31700:0418/095551.733:ERROR:shared_image_manager.cc(224)] SharedImageManager::ProduceSkia: Trying to Produce a Skia representation from a non-existent mailbox.
[33488:33968:0418/095553.442:WARNING:codec.cc(525)] Explicitly added H264 constrained baseline to list of supported formats.
[33488:33968:0418/095554.247:WARNING:codec.cc(525)] Explicitly added H264 constrained baseline to list of supported formats.
[33488:33960:0418/095554.265:WARNING:codec.cc(525)] Explicitly added H264 constrained baseline to list of supported formats.
[33488:33960:0418/095554.265:WARNING:codec.cc(525)] Explicitly added H264 constrained baseline to list of supported formats.
[33488:33960:0418/095554.266:WARNING:codec.cc(525)] Explicitly added H264 constrained baseline to list of supported formats.
[32740:32744:0418/095748.232:WARNING:pref_notifier_impl.cc(41)] Pref observer for media_router.cast_allow_all_ips found at shutdown.
